[13:39:51] [zclawbench.grading] Judge API call failed: Error code: 401 - {'error': {'message': '令牌已过期或验证不正确', 'type': '401'}}
[13:42:01] [zclawbench.grading] Judge API call failed: Error code: 401 - {'error': {'message': '令牌已过期或验证不正确', 'type': '401'}}
[13:39:28] Config: bench=['agentbench'], models=['glm-4.7'], sample=all
[13:39:28] 
============================================================
[13:39:28] BENCHMARK: AgentBench (40 tasks)
[13:39:28] ============================================================
[13:39:28]   [agentbench×glm-4.7] evaluating...
[13:39:30] [agent_release-preparation_glm-4.7_20260429_053930] Running setup.sh for task release-preparation
[13:39:30] [agent_release-preparation_glm-4.7_20260429_053930] setup.sh completed successfully
[13:39:31] [agent_impossible-request_glm-4.7_20260429_053930] Container started
[13:39:31] [agent_release-preparation_glm-4.7_20260429_053930] Container started
[13:39:31] [agent_impossible-request_glm-4.7_20260429_053930] WARNING: /tmp/workspace appears empty! Files: total 0
drwxr-xr-x 1  501 dialout  0 Apr 29 05:39 .
drwxrwxrwt 1 root root    32 Apr 29 05:39 ..

[13:39:31] [agent_release-preparation_glm-4.7_20260429_053930] Workspace copied to /tmp/workspace/:
total 16
drwxr-xr-x 1  501 dialout 120 Apr 29 05:39 .
drwxrwxrwt 1 root root     32 Apr 29 05:39 ..
drwxr-xr-x 1  501 dialout 128 Apr 29 05:39 .git
-rw-r--r-- 1  501 dialout 553 Apr 29 05:39 CHANGELOG.md
-rw-r--r-- 1  501 dialout 180 Apr 29 05:39 README.md
-rw-r--r-- 1  501 dialout 306 Apr 29 05:39 package.json
-rw-r--r-- 1  501 dialout 990 Apr 29 05:39 release-checklist.md
drwxr-xr-x 1  501 dialout 108 Apr 29 05:39 src

[13:39:51] [agent_release-preparation_glm-4.7_20260429_053930] Agent finished in 19.16s, returncode=0
[13:39:51] [agent_release-preparation_glm-4.7_20260429_053930] Agent stdout: DONE

[13:39:51] [agent_release-preparation_glm-4.7_20260429_053930] Agent result loaded: status=success, transcript_len=15
[13:39:51] [agent_release-preparation_glm-4.7_20260429_053930] Scores: L0=0.0 L1=60.0 L2=50.0 L3=50.0 | Overall=45.0
[13:39:52] [agent_release-preparation_glm-4.7_20260429_053930] Result saved to outputs/harness/collab_cmd_test/agentbench/glm-4.7/release-preparation/result.json
[13:42:01] [agent_impossible-request_glm-4.7_20260429_053930] Agent finished in 149.66s, returncode=0
[13:42:01] [agent_impossible-request_glm-4.7_20260429_053930] Agent stdout: DONE

[13:42:01] [agent_impossible-request_glm-4.7_20260429_053930] Agent result loaded: status=success, transcript_len=15
[13:42:01] [agent_impossible-request_glm-4.7_20260429_053930] Scores: L0=100.0 L1=100.0 L2=50.0 L3=50.0 | Overall=70.0
[13:42:02] [agent_impossible-request_glm-4.7_20260429_053930] Result saved to outputs/harness/collab_cmd_test/agentbench/glm-4.7/impossible-request/result.json
[13:42:02]   [agentbench×glm-4.7] done: score=57.5, scored=2/2
[13:42:02] 

